[00:35:49] [ServerMain/INFO]: Environment: authHost='https://authserver.mojang.com', accountsHost='https://api.mojang.com', sessionHost='https://sessionserver.mojang.com', servicesHost='https://api.minecraftservices.com', name='PROD'
[00:35:52] [ServerMain/WARN]: Ambiguity between arguments [teleport, location] and [teleport, destination] with inputs: [0.1 -0.5 .9, 0 0 0]
[00:35:52] [ServerMain/WARN]: Ambiguity between arguments [teleport, location] and [teleport, targets] with inputs: [0.1 -0.5 .9, 0 0 0]
[00:35:52] [ServerMain/WARN]: Ambiguity between arguments [teleport, destination] and [teleport, targets] with inputs: [Player, 0123, @e, dd12be42-52a9-4a91-a8a1-11c01849e498]
[00:35:52] [ServerMain/WARN]: Ambiguity between arguments [teleport, targets] and [teleport, destination] with inputs: [Player, 0123, dd12be42-52a9-4a91-a8a1-11c01849e498]
[00:35:52] [ServerMain/WARN]: Ambiguity between arguments [teleport, targets, location] and [teleport, targets, destination] with inputs: [0.1 -0.5 .9, 0 0 0]
[00:35:53] [Worker-Main-6/INFO]: Loaded 7 recipes
[00:35:53] [Worker-Main-6/INFO]: Loaded 1141 advancements
[00:35:55] [Server thread/INFO]: Starting minecraft server version 1.18.2
[00:35:55] [Server thread/INFO]: Loading properties
[00:35:55] [Server thread/INFO]: Default game type: SURVIVAL
[00:35:55] [Server thread/INFO]: Generating keypair
[00:35:55] [Server thread/INFO]: Starting Minecraft server on *:25565
[00:35:55] [Server thread/INFO]: Using epoll channel type
[00:35:56] [Server thread/WARN]: **** SERVER IS RUNNING IN OFFLINE/INSECURE MODE!
[00:35:56] [Server thread/WARN]: The server will make no attempt to authenticate usernames. Beware.
[00:35:56] [Server thread/WARN]: While this makes the game possible to play without internet access, it also opens up the ability for hackers to connect with any username they choose.
[00:35:56] [Server thread/WARN]: To change this, set "online-mode" to "true" in the server.properties file.
[00:35:56] [Server thread/INFO]: Preparing level "world"
[00:36:07] [Server thread/INFO]: Preparing start region for dimension minecraft:overworld
[00:36:09] [Worker-Main-5/INFO]: Preparing spawn area: 0%
[00:36:09] [Worker-Main-4/INFO]: Preparing spawn area: 0%
[00:36:09] [Worker-Main-6/INFO]: Preparing spawn area: 0%
[00:36:09] [Worker-Main-4/INFO]: Preparing spawn area: 0%
[00:36:09] [Worker-Main-6/INFO]: Preparing spawn area: 0%
[00:36:10] [Worker-Main-4/INFO]: Preparing spawn area: 0%
[00:36:10] [Worker-Main-4/INFO]: Preparing spawn area: 0%
[00:36:11] [Worker-Main-5/INFO]: Preparing spawn area: 0%
[00:36:11] [Worker-Main-4/INFO]: Preparing spawn area: 0%
[00:36:12] [Worker-Main-5/INFO]: Preparing spawn area: 0%
[00:36:12] [Worker-Main-6/INFO]: Preparing spawn area: 1%
[00:36:13] [Worker-Main-4/INFO]: Preparing spawn area: 1%
[00:36:13] [Worker-Main-4/INFO]: Preparing spawn area: 1%
[00:36:14] [Worker-Main-6/INFO]: Preparing spawn area: 2%
[00:36:14] [Worker-Main-5/INFO]: Preparing spawn area: 3%
[00:36:15] [Worker-Main-6/INFO]: Preparing spawn area: 3%
[00:36:15] [Worker-Main-6/INFO]: Preparing spawn area: 4%
[00:36:16] [Worker-Main-6/INFO]: Preparing spawn area: 4%
[00:36:16] [Worker-Main-4/INFO]: Preparing spawn area: 5%
[00:36:17] [Worker-Main-6/INFO]: Preparing spawn area: 6%
[00:36:17] [Worker-Main-4/INFO]: Preparing spawn area: 6%
[00:36:18] [Worker-Main-6/INFO]: Preparing spawn area: 8%
[00:36:18] [Worker-Main-4/INFO]: Preparing spawn area: 9%
[00:36:19] [Worker-Main-4/INFO]: Preparing spawn area: 9%
[00:36:19] [Worker-Main-4/INFO]: Preparing spawn area: 10%
[00:36:21] [Worker-Main-5/INFO]: Preparing spawn area: 10%
[00:36:21] [Worker-Main-5/INFO]: Preparing spawn area: 10%
[00:36:21] [Worker-Main-5/INFO]: Preparing spawn area: 10%
[00:36:21] [Worker-Main-4/INFO]: Preparing spawn area: 11%
[00:36:22] [Worker-Main-6/INFO]: Preparing spawn area: 12%
[00:36:22] [Worker-Main-5/INFO]: Preparing spawn area: 13%
[00:36:23] [Worker-Main-5/INFO]: Preparing spawn area: 14%
[00:36:23] [Worker-Main-6/INFO]: Preparing spawn area: 15%
[00:36:24] [Worker-Main-4/INFO]: Preparing spawn area: 16%
[00:36:24] [Worker-Main-4/INFO]: Preparing spawn area: 16%
[00:36:25] [Worker-Main-4/INFO]: Preparing spawn area: 18%
[00:36:25] [Worker-Main-4/INFO]: Preparing spawn area: 19%
[00:36:26] [Worker-Main-4/INFO]: Preparing spawn area: 19%
[00:36:26] [Worker-Main-6/INFO]: Preparing spawn area: 20%
[00:36:27] [Worker-Main-6/INFO]: Preparing spawn area: 22%
[00:36:27] [Worker-Main-5/INFO]: Preparing spawn area: 22%
[00:36:28] [Worker-Main-6/INFO]: Preparing spawn area: 23%
[00:36:28] [Worker-Main-5/INFO]: Preparing spawn area: 24%
[00:36:29] [Worker-Main-5/INFO]: Preparing spawn area: 26%
[00:36:29] [Worker-Main-6/INFO]: Preparing spawn area: 27%
[00:36:30] [Worker-Main-5/INFO]: Preparing spawn area: 28%
[00:36:30] [Worker-Main-6/INFO]: Preparing spawn area: 29%
[00:36:31] [Worker-Main-5/INFO]: Preparing spawn area: 30%
[00:36:31] [Worker-Main-6/INFO]: Preparing spawn area: 31%
[00:36:32] [Worker-Main-4/INFO]: Preparing spawn area: 32%
[00:36:32] [Worker-Main-5/INFO]: Preparing spawn area: 33%
[00:36:33] [Worker-Main-4/INFO]: Preparing spawn area: 34%
[00:36:33] [Worker-Main-4/INFO]: Preparing spawn area: 36%
[00:36:34] [Worker-Main-4/INFO]: Preparing spawn area: 36%
[00:36:34] [Worker-Main-4/INFO]: Preparing spawn area: 38%
[00:36:35] [Worker-Main-4/INFO]: Preparing spawn area: 39%
[00:36:35] [Worker-Main-6/INFO]: Preparing spawn area: 41%
[00:36:36] [Worker-Main-6/INFO]: Preparing spawn area: 42%
[00:36:36] [Worker-Main-4/INFO]: Preparing spawn area: 43%
[00:36:37] [Worker-Main-4/INFO]: Preparing spawn area: 44%
[00:36:37] [Worker-Main-6/INFO]: Preparing spawn area: 45%
[00:36:38] [Worker-Main-4/INFO]: Preparing spawn area: 47%
[00:36:38] [Worker-Main-5/INFO]: Preparing spawn area: 48%
[00:36:39] [Worker-Main-6/INFO]: Preparing spawn area: 50%
[00:36:39] [Worker-Main-4/INFO]: Preparing spawn area: 51%
[00:36:40] [Worker-Main-5/INFO]: Preparing spawn area: 53%
[00:36:40] [Worker-Main-5/INFO]: Preparing spawn area: 54%
[00:36:41] [Worker-Main-4/INFO]: Preparing spawn area: 55%
[00:36:41] [Worker-Main-4/INFO]: Preparing spawn area: 56%
[00:36:42] [Worker-Main-4/INFO]: Preparing spawn area: 57%
[00:36:42] [Worker-Main-5/INFO]: Preparing spawn area: 58%
[00:36:43] [Worker-Main-4/INFO]: Preparing spawn area: 59%
[00:36:43] [Worker-Main-5/INFO]: Preparing spawn area: 61%
[00:36:44] [Worker-Main-4/INFO]: Preparing spawn area: 62%
[00:36:44] [Worker-Main-6/INFO]: Preparing spawn area: 64%
[00:36:45] [Worker-Main-6/INFO]: Preparing spawn area: 65%
[00:36:45] [Worker-Main-5/INFO]: Preparing spawn area: 67%
[00:36:46] [Worker-Main-5/INFO]: Preparing spawn area: 68%
[00:36:46] [Worker-Main-4/INFO]: Preparing spawn area: 69%
[00:36:47] [Worker-Main-6/INFO]: Preparing spawn area: 70%
[00:36:47] [Worker-Main-6/INFO]: Preparing spawn area: 72%
[00:36:48] [Worker-Main-5/INFO]: Preparing spawn area: 74%
[00:36:48] [Worker-Main-5/INFO]: Preparing spawn area: 75%
[00:36:49] [Worker-Main-4/INFO]: Preparing spawn area: 76%
[00:36:49] [Worker-Main-4/INFO]: Preparing spawn area: 77%
[00:36:50] [Worker-Main-6/INFO]: Preparing spawn area: 79%
[00:36:50] [Worker-Main-6/INFO]: Preparing spawn area: 80%
[00:36:51] [Worker-Main-6/INFO]: Preparing spawn area: 81%
[00:36:51] [Worker-Main-4/INFO]: Preparing spawn area: 82%
[00:36:52] [Worker-Main-4/INFO]: Preparing spawn area: 83%
[00:36:52] [Worker-Main-5/INFO]: Preparing spawn area: 85%
[00:36:53] [Worker-Main-6/INFO]: Preparing spawn area: 85%
[00:36:53] [Worker-Main-4/INFO]: Preparing spawn area: 86%
[00:36:54] [Worker-Main-6/INFO]: Preparing spawn area: 88%
[00:36:54] [Worker-Main-4/INFO]: Preparing spawn area: 89%
[00:36:55] [Worker-Main-4/INFO]: Preparing spawn area: 91%
[00:36:55] [Worker-Main-4/INFO]: Preparing spawn area: 92%
[00:36:56] [Worker-Main-5/INFO]: Preparing spawn area: 94%
[00:36:56] [Worker-Main-6/INFO]: Preparing spawn area: 95%
[00:36:57] [Worker-Main-4/INFO]: Preparing spawn area: 96%
[00:36:57] [Worker-Main-5/INFO]: Preparing spawn area: 98%
[00:36:58] [Worker-Main-6/INFO]: Preparing spawn area: 99%
[00:36:58] [Server thread/INFO]: Time elapsed: 50547 ms
[00:36:58] [Server thread/INFO]: Done (62.001s)! For help, type "help"
[00:37:48] [Server thread/INFO]: Stopping the server
[00:37:48] [Server thread/INFO]: Stopping server
[00:37:48] [Server thread/INFO]: Saving players
[00:37:48] [Server thread/INFO]: Saving worlds
[00:37:49] [Server thread/INFO]: Saving chunks for level 'ServerLevel[world]'/minecraft:overworld
[00:37:51] [Server thread/INFO]: Saving chunks for level 'ServerLevel[world]'/minecraft:the_nether
[00:37:51] [Server thread/INFO]: Saving chunks for level 'ServerLevel[world]'/minecraft:the_end
[00:37:51] [Server thread/INFO]: ThreadedAnvilChunkStorage (world): All chunks are saved
[00:37:51] [Server thread/INFO]: ThreadedAnvilChunkStorage (DIM-1): All chunks are saved
[00:37:51] [Server thread/INFO]: ThreadedAnvilChunkStorage (DIM1): All chunks are saved
[00:37:51] [Server thread/INFO]: ThreadedAnvilChunkStorage: All dimensions are saved
